CUDA available: True Device count: 1
Using device: cuda
Loaded model: SetTransformer, Params: {'dim_input': 2, 'hidden_dim': 512, 'num_outputs': 49, 'num_heads': 4}
Loaded loss: ChamferLoss, Params: {'lambda_coord': 2.0, 'lambda_conf': 1.0, 'lambda_reg': 0.5, 'alpha': 15.0}
Loaded optimizer and dataloaders.
Epoch 1 - Train Loss: 3.2022 - Val Loss: 3.1989
Epoch 2 - Train Loss: 3.1955 - Val Loss: 3.1974
Epoch 3 - Train Loss: 3.1952 - Val Loss: 3.1971
Epoch 4 - Train Loss: 3.1949 - Val Loss: 3.1965
Epoch 5 - Train Loss: 3.1949 - Val Loss: 3.1966
Epoch 6 - Train Loss: 3.1947 - Val Loss: 3.1968
Epoch 7 - Train Loss: 3.1946 - Val Loss: 3.1967
Epoch 8 - Train Loss: 3.1945 - Val Loss: 3.1968
Epoch 9 - Train Loss: 3.1945 - Val Loss: 3.1962
Epoch 10 - Train Loss: 3.1945 - Val Loss: 3.1969
Epoch 11 - Train Loss: 3.1944 - Val Loss: 3.1964
Epoch 12 - Train Loss: 3.1944 - Val Loss: 3.1964
Epoch 13 - Train Loss: 3.1944 - Val Loss: 3.1966
Epoch 14 - Train Loss: 3.1943 - Val Loss: 3.1962
Epoch 15 - Train Loss: 3.1943 - Val Loss: 3.1965
Epoch 16 - Train Loss: 3.1943 - Val Loss: 3.1960
Epoch 17 - Train Loss: 3.1943 - Val Loss: 3.1961
Epoch 18 - Train Loss: 3.1942 - Val Loss: 3.1967
Epoch 19 - Train Loss: 3.1943 - Val Loss: 3.1963
Epoch 20 - Train Loss: 3.1942 - Val Loss: 3.1975
Epoch 21 - Train Loss: 3.1942 - Val Loss: 3.1963
Epoch 22 - Train Loss: 3.1942 - Val Loss: 3.1962
Epoch 23 - Train Loss: 3.1942 - Val Loss: 3.1964
Epoch 24 - Train Loss: 3.1942 - Val Loss: 3.1967
Epoch 25 - Train Loss: 3.1942 - Val Loss: 3.1968
